# JRE version: Java(TM) SE Runtime Environment (8.0_51-b16) (build 1.8.0_51-b16)
# Java VM: Java HotSpot(TM) 64-Bit Server VM (25.51-b03 mixed mode windows-amd64 compressed oops)
Heap:
 PSYoungGen      total 164864K, used 142823K [0x00000000d5b80000, 0x00000000e0f80000, 0x0000000100000000)
  eden space 156672K, 91% used [0x00000000d5b80000,0x00000000de6f9ed0,0x00000000df480000)
  from space 8192K, 0% used [0x00000000dfc80000,0x00000000dfc80000,0x00000000e0480000)
  to   space 11264K, 0% used [0x00000000e0480000,0x00000000e0480000,0x00000000e0f80000)
 ParOldGen       total 86016K, used 17899K [0x0000000081200000, 0x0000000086600000, 0x00000000d5b80000)
  object space 86016K, 20% used [0x0000000081200000,0x000000008237acd0,0x0000000086600000)
 Metaspace       used 49309K, capacity 52128K, committed 52352K, reserved 1095680K
  class space    used 6464K, capacity 6991K, committed 7040K, reserved 1048576K
GC Heap History (10 events):
Event: 6.783 GC heap before
{Heap before GC invocations=8 (full 1):
 PSYoungGen      total 116736K, used 62196K [0x00000000d5b80000, 0x00000000dd900000, 0x0000000100000000)
  eden space 107008K, 49% used [0x00000000d5b80000,0x00000000d8f07930,0x00000000dc400000)
  from space 9728K, 96% used [0x00000000dcf80000,0x00000000dd8b5940,0x00000000dd900000)
  to   space 10752K, 0% used [0x00000000dc400000,0x00000000dc400000,0x00000000dce80000)
 ParOldGen       total 53248K, used 8746K [0x0000000081200000, 0x0000000084600000, 0x00000000d5b80000)
  object space 53248K, 16% used [0x0000000081200000,0x0000000081a8abf0,0x0000000084600000)
 Metaspace       used 33877K, capacity 35368K, committed 35456K, reserved 1079296K
  class space    used 4353K, capacity 4661K, committed 4736K, reserved 1048576K
Event: 6.804 GC heap after
Heap after GC invocations=8 (full 1):
 PSYoungGen      total 117760K, used 10735K [0x00000000d5b80000, 0x00000000e1880000, 0x0000000100000000)
  eden space 107008K, 0% used [0x00000000d5b80000,0x00000000d5b80000,0x00000000dc400000)
  from space 10752K, 99% used [0x00000000dc400000,0x00000000dce7bc00,0x00000000dce80000)
  to   space 12288K, 0% used [0x00000000e0c80000,0x00000000e0c80000,0x00000000e1880000)
 ParOldGen       total 53248K, used 9594K [0x0000000081200000, 0x0000000084600000, 0x00000000d5b80000)
  object space 53248K, 18% used [0x0000000081200000,0x0000000081b5e8f0,0x0000000084600000)
 Metaspace       used 33877K, capacity 35368K, committed 35456K, reserved 1079296K
  class space    used 4353K, capacity 4661K, committed 4736K, reserved 1048576K
}
Event: 6.804 GC heap before
{Heap before GC invocations=9 (full 2):
 PSYoungGen      total 117760K, used 10735K [0x00000000d5b80000, 0x00000000e1880000, 0x0000000100000000)
  eden space 107008K, 0% used [0x00000000d5b80000,0x00000000d5b80000,0x00000000dc400000)
  from space 10752K, 99% used [0x00000000dc400000,0x00000000dce7bc00,0x00000000dce80000)
  to   space 12288K, 0% used [0x00000000e0c80000,0x00000000e0c80000,0x00000000e1880000)
 ParOldGen       total 53248K, used 9594K [0x0000000081200000, 0x0000000084600000, 0x00000000d5b80000)
  object space 53248K, 18% used [0x0000000081200000,0x0000000081b5e8f0,0x0000000084600000)
 Metaspace       used 33877K, capacity 35368K, committed 35456K, reserved 1079296K
  class space    used 4353K, capacity 4661K, committed 4736K, reserved 1048576K
Event: 6.922 GC heap after
Heap after GC invocations=9 (full 2):
 PSYoungGen      total 117760K, used 0K [0x00000000d5b80000, 0x00000000e1880000, 0x0000000100000000)
  eden space 107008K, 0% used [0x00000000d5b80000,0x00000000d5b80000,0x00000000dc400000)
  from space 10752K, 0% used [0x00000000dc400000,0x00000000dc400000,0x00000000dce80000)
  to   space 12288K, 0% used [0x00000000e0c80000,0x00000000e0c80000,0x00000000e1880000)
 ParOldGen       total 86016K, used 15828K [0x0000000081200000, 0x0000000086600000, 0x00000000d5b80000)
  object space 86016K, 18% used [0x0000000081200000,0x0000000082175238,0x0000000086600000)
 Metaspace       used 33877K, capacity 35368K, committed 35456K, reserved 1079296K
  class space    used 4353K, capacity 4661K, committed 4736K, reserved 1048576K
}
Event: 10.067 GC heap before
{Heap before GC invocations=10 (full 2):
 PSYoungGen      total 117760K, used 107008K [0x00000000d5b80000, 0x00000000e1880000, 0x0000000100000000)
  eden space 107008K, 100% used [0x00000000d5b80000,0x00000000dc400000,0x00000000dc400000)
  from space 10752K, 0% used [0x00000000dc400000,0x00000000dc400000,0x00000000dce80000)
  to   space 12288K, 0% used [0x00000000e0c80000,0x00000000e0c80000,0x00000000e1880000)
 ParOldGen       total 86016K, used 15828K [0x0000000081200000, 0x0000000086600000, 0x00000000d5b80000)
  object space 86016K, 18% used [0x0000000081200000,0x0000000082175238,0x0000000086600000)
 Metaspace       used 44102K, capacity 46558K, committed 46720K, reserved 1089536K
  class space    used 5799K, capacity 6201K, committed 6272K, reserved 1048576K
Event: 10.087 GC heap after
Heap after GC invocations=10 (full 2):
 PSYoungGen      total 168960K, used 12265K [0x00000000d5b80000, 0x00000000e1880000, 0x0000000100000000)
  eden space 156672K, 0% used [0x00000000d5b80000,0x00000000d5b80000,0x00000000df480000)
  from space 12288K, 99% used [0x00000000e0c80000,0x00000000e187a6e0,0x00000000e1880000)
  to   space 14336K, 0% used [0x00000000dfc80000,0x00000000dfc80000,0x00000000e0a80000)
 ParOldGen       total 86016K, used 17450K [0x0000000081200000, 0x0000000086600000, 0x00000000d5b80000)
  object space 86016K, 20% used [0x0000000081200000,0x000000008230a800,0x0000000086600000)
 Metaspace       used 44102K, capacity 46558K, committed 46720K, reserved 1089536K
  class space    used 5799K, capacity 6201K, committed 6272K, reserved 1048576K
}
Event: 76.442 GC heap before
{Heap before GC invocations=11 (full 2):
 PSYoungGen      total 168960K, used 64695K [0x00000000d5b80000, 0x00000000e1880000, 0x0000000100000000)
  eden space 156672K, 33% used [0x00000000d5b80000,0x00000000d8eb3520,0x00000000df480000)
  from space 12288K, 99% used [0x00000000e0c80000,0x00000000e187a6e0,0x00000000e1880000)
  to   space 14336K, 0% used [0x00000000dfc80000,0x00000000dfc80000,0x00000000e0a80000)
 ParOldGen       total 86016K, used 17450K [0x0000000081200000, 0x0000000086600000, 0x00000000d5b80000)
  object space 86016K, 20% used [0x0000000081200000,0x000000008230a800,0x0000000086600000)
 Metaspace       used 46310K, capacity 48836K, committed 49152K, reserved 1091584K
  class space    used 6122K, capacity 6557K, committed 6656K, reserved 1048576K
Event: 76.464 GC heap after
Heap after GC invocations=11 (full 2):
 PSYoungGen      total 164864K, used 8110K [0x00000000d5b80000, 0x00000000e0f80000, 0x0000000100000000)
  eden space 156672K, 0% used [0x00000000d5b80000,0x00000000d5b80000,0x00000000df480000)
  from space 8192K, 99% used [0x00000000dfc80000,0x00000000e046bb78,0x00000000e0480000)
  to   space 11264K, 0% used [0x00000000e0480000,0x00000000e0480000,0x00000000e0f80000)
 ParOldGen       total 86016K, used 17458K [0x0000000081200000, 0x0000000086600000, 0x00000000d5b80000)
  object space 86016K, 20% used [0x0000000081200000,0x000000008230c800,0x0000000086600000)
 Metaspace       used 46310K, capacity 48836K, committed 49152K, reserved 1091584K
  class space    used 6122K, capacity 6557K, committed 6656K, reserved 1048576K
}
Event: 76.464 GC heap before
{Heap before GC invocations=12 (full 3):
 PSYoungGen      total 164864K, used 8110K [0x00000000d5b80000, 0x00000000e0f80000, 0x0000000100000000)
  eden space 156672K, 0% used [0x00000000d5b80000,0x00000000d5b80000,0x00000000df480000)
  from space 8192K, 99% used [0x00000000dfc80000,0x00000000e046bb78,0x00000000e0480000)
  to   space 11264K, 0% used [0x00000000e0480000,0x00000000e0480000,0x00000000e0f80000)
 ParOldGen       total 86016K, used 17458K [0x0000000081200000, 0x0000000086600000, 0x00000000d5b80000)
  object space 86016K, 20% used [0x0000000081200000,0x000000008230c800,0x0000000086600000)
 Metaspace       used 46310K, capacity 48836K, committed 49152K, reserved 1091584K
  class space    used 6122K, capacity 6557K, committed 6656K, reserved 1048576K
Event: 76.674 GC heap after
Heap after GC invocations=12 (full 3):
 PSYoungGen      total 164864K, used 0K [0x00000000d5b80000, 0x00000000e0f80000, 0x0000000100000000)
  eden space 156672K, 0% used [0x00000000d5b80000,0x00000000d5b80000,0x00000000df480000)
  from space 8192K, 0% used [0x00000000dfc80000,0x00000000dfc80000,0x00000000e0480000)
  to   space 11264K, 0% used [0x00000000e0480000,0x00000000e0480000,0x00000000e0f80000)
 ParOldGen       total 86016K, used 17899K [0x0000000081200000, 0x0000000086600000, 0x00000000d5b80000)
  object space 86016K, 20% used [0x0000000081200000,0x000000008237acd0,0x0000000086600000)
 Metaspace       used 46310K, capacity 48836K, committed 49152K, reserved 1091584K
  class space    used 6122K, capacity 6557K, committed 6656K, reserved 1048576K
}

